WARNING:cbbpy.cbbpy_utils:"Mon Mar 18 12:16:52 2024": 401262106 - No PBP available
WARNING:cbbpy.cbbpy_utils:"Mon Mar 18 12:16:52 2024": 401263443 - No PBP available
WARNING:cbbpy.cbbpy_utils:"Mon Mar 18 12:16:52 2024": 401260006 - No PBP available
WARNING:cbbpy.cbbpy_utils:"Mon Mar 18 12:16:52 2024": 401264119 - No PBP available
WARNING:cbbpy.cbbpy_utils:"Mon Mar 18 12:16:53 2024": 401264600 - No PBP available
WARNING:cbbpy.cbbpy_utils:"Mon Mar 18 12:16:54 2024": 401259878 - No PBP available
WARNING:cbbpy.cbbpy_utils:"Mon Mar 18 12:16:56 2024": 401264406 - No PBP available
WARNING:cbbpy.cbbpy_utils:"Mon Mar 18 12:16:56 2024": 401262416 - No PBP available
WARNING:cbbpy.cbbpy_utils:"Mon Mar 18 12:16:56 2024": 401257450 - No PBP available
WARNING:cbbpy.cbbpy_utils:"Mon Mar 18 12:16:57 2024": 401259897 - No PBP available
WARNING:cbbpy.cbbpy_utils:"Mon Mar 18 12:16:57 2024": 401260377 - No PBP available
WARNING:cbbpy.cbbpy_utils:"Mon Mar 18 12:16:58 2024": 401261741 - No PBP available
WARNING:cbbpy.cbbpy_utils:"Mon Mar 18 12:16:58 2024": 401261657 - No PBP available
WARNING:cbbpy.cbbpy_utils:"Mon Mar 18 12:16:59 2024": 401259285 - No PBP available
WARNING:cbbpy.cbbpy_utils:"Mon Mar 18 12:16:59 2024": 401259028 - No PBP available
WARNING:cbbpy.cbbpy_utils:"Mon Mar 18 12:16:59 2024": 401264635 - No PBP available
WARNING:cbbpy.cbbpy_utils:"Mon Mar 18 12:17:00 2024": 401257375 - No PBP available
WARNING:cbbpy.cbbpy_utils:"Mon Mar 18 12:17:00 2024": 401258866 - No PBP available
WARNING:cbbpy.cbbpy_utils:"Mon Mar 18 12:17:00 2024": 401262097 - No PBP available
WARNING:cbbpy.cbbpy_utils:"Mon Mar 18 12:17:00 2024": 401264439 - Canceled
WARNING:cbbpy.cbbpy_utils:"Mon Mar 18 12:17:00 2024": 401262094 - Canceled
WARNING:cbbpy.cbbpy_utils:"Mon Mar 18 12:17:00 2024": 401259240 - No PBP available
WARNING:cbbpy.cbbpy_utils:"Mon Mar 18 12:17:00 2024": 401255625 - No PBP available
WARNING:cbbpy.cbbpy_utils:"Mon Mar 18 12:17:00 2024": 401258561 - Canceled
WARNING:cbbpy.cbbpy_utils:"Mon Mar 18 12:17:00 2024": 401254016 - Canceled
WARNING:cbbpy.cbbpy_utils:"Mon Mar 18 12:17:01 2024": 401260334 - Postponed
WARNING:cbbpy.cbbpy_utils:"Mon Mar 18 12:17:01 2024": 401262094 - Canceled
WARNING:cbbpy.cbbpy_utils:"Mon Mar 18 12:17:01 2024": 401262105 - Postponed
WARNING:cbbpy.cbbpy_utils:"Mon Mar 18 12:17:01 2024": 401258873 - Canceled
WARNING:cbbpy.cbbpy_utils:"Mon Mar 18 12:17:01 2024": 401258561 - Canceled
WARNING:cbbpy.cbbpy_utils:"Mon Mar 18 12:17:01 2024": 401254016 - Canceled
WARNING:cbbpy.cbbpy_utils:"Mon Mar 18 12:17:01 2024": 401262151 - Canceled
WARNING:cbbpy.cbbpy_utils:"Mon Mar 18 12:17:01 2024": 401264439 - Canceled
WARNING:cbbpy.cbbpy_utils:"Mon Mar 18 12:17:01 2024": 401260334 - Postponed
WARNING:cbbpy.cbbpy_utils:"Mon Mar 18 12:17:01 2024": 401258901 - Canceled
WARNING:cbbpy.cbbpy_utils:"Mon Mar 18 12:17:01 2024": 401260042 - Postponed
WARNING:cbbpy.cbbpy_utils:"Mon Mar 18 12:17:01 2024": 401262094 - Canceled
WARNING:cbbpy.cbbpy_utils:"Mon Mar 18 12:17:01 2024": 401258873 - Canceled
WARNING:cbbpy.cbbpy_utils:"Mon Mar 18 12:17:01 2024": 401262105 - Postponed
WARNING:cbbpy.cbbpy_utils:"Mon Mar 18 12:17:01 2024": 401259049 - Canceled
WARNING:cbbpy.cbbpy_utils:"Mon Mar 18 12:17:01 2024": 401257345 - Canceled
WARNING:cbbpy.cbbpy_utils:"Mon Mar 18 12:17:01 2024": 401262151 - Canceled
WARNING:cbbpy.cbbpy_utils:"Mon Mar 18 12:17:01 2024": 401258561 - Canceled
WARNING:cbbpy.cbbpy_utils:"Mon Mar 18 12:17:01 2024": 401254016 - Canceled
WARNING:cbbpy.cbbpy_utils:"Mon Mar 18 12:17:01 2024": 401258901 - Canceled
WARNING:cbbpy.cbbpy_utils:"Mon Mar 18 12:17:01 2024": 401260334 - Postponed
WARNING:cbbpy.cbbpy_utils:"Mon Mar 18 12:17:01 2024": 401264439 - Canceled
WARNING:cbbpy.cbbpy_utils:"Mon Mar 18 12:17:01 2024": 401263275 - No PBP available
WARNING:cbbpy.cbbpy_utils:"Mon Mar 18 12:17:01 2024": 401260042 - Postponed
WARNING:cbbpy.cbbpy_utils:"Mon Mar 18 12:17:01 2024": 401262105 - Postponed
WARNING:cbbpy.cbbpy_utils:"Mon Mar 18 12:17:01 2024": 401259049 - Canceled
WARNING:cbbpy.cbbpy_utils:"Mon Mar 18 12:17:01 2024": 401258873 - Canceled
WARNING:cbbpy.cbbpy_utils:"Mon Mar 18 12:17:01 2024": 401262151 - Canceled
WARNING:cbbpy.cbbpy_utils:"Mon Mar 18 12:17:01 2024": 401257345 - Canceled
WARNING:cbbpy.cbbpy_utils:"Mon Mar 18 12:17:01 2024": 401262515 - Canceled
WARNING:cbbpy.cbbpy_utils:"Mon Mar 18 12:17:01 2024": 401264525 - Canceled
WARNING:cbbpy.cbbpy_utils:"Mon Mar 18 12:17:01 2024": 401258901 - Canceled
WARNING:cbbpy.cbbpy_utils:"Mon Mar 18 12:17:02 2024": 401253496 - Canceled
WARNING:cbbpy.cbbpy_utils:"Mon Mar 18 12:17:02 2024": 401260042 - Postponed
WARNING:cbbpy.cbbpy_utils:"Mon Mar 18 12:17:02 2024": 401259049 - Canceled
WARNING:cbbpy.cbbpy_utils:"Mon Mar 18 12:17:02 2024": 401255770 - Canceled
WARNING:cbbpy.cbbpy_utils:"Mon Mar 18 12:17:02 2024": 401262100 - Canceled
WARNING:cbbpy.cbbpy_utils:"Mon Mar 18 12:17:02 2024": 401258907 - Canceled
WARNING:cbbpy.cbbpy_utils:"Mon Mar 18 12:17:02 2024": 401257345 - Canceled
WARNING:cbbpy.cbbpy_utils:"Mon Mar 18 12:17:02 2024": 401262518 - Canceled
WARNING:cbbpy.cbbpy_utils:"Mon Mar 18 12:17:02 2024": 401262488 - Canceled
WARNING:cbbpy.cbbpy_utils:"Mon Mar 18 12:17:02 2024": 401262515 - Canceled
WARNING:cbbpy.cbbpy_utils:"Mon Mar 18 12:17:02 2024": 401265455 - Canceled
WARNING:cbbpy.cbbpy_utils:"Mon Mar 18 12:17:02 2024": 401259293 - Canceled
WARNING:cbbpy.cbbpy_utils:"Mon Mar 18 12:17:02 2024": 401264525 - Canceled
WARNING:cbbpy.cbbpy_utils:"Mon Mar 18 12:17:02 2024": 401262104 - Canceled
WARNING:cbbpy.cbbpy_utils:"Mon Mar 18 12:17:02 2024": 401253496 - Canceled
WARNING:cbbpy.cbbpy_utils:"Mon Mar 18 12:17:02 2024": 401259952 - Canceled
WARNING:cbbpy.cbbpy_utils:"Mon Mar 18 12:17:02 2024": 401264536 - Canceled
WARNING:cbbpy.cbbpy_utils:"Mon Mar 18 12:17:02 2024": 401259318 - Canceled
WARNING:cbbpy.cbbpy_utils:"Mon Mar 18 12:17:02 2024": 401259039 - Canceled
WARNING:cbbpy.cbbpy_utils:"Mon Mar 18 12:17:02 2024": 401262100 - Canceled
WARNING:cbbpy.cbbpy_utils:"Mon Mar 18 12:17:02 2024": 401258907 - Canceled
WARNING:cbbpy.cbbpy_utils:"Mon Mar 18 12:17:02 2024": 401262488 - Canceled
WARNING:cbbpy.cbbpy_utils:"Mon Mar 18 12:17:02 2024": 401262518 - Canceled
WARNING:cbbpy.cbbpy_utils:"Mon Mar 18 12:17:02 2024": 401262515 - Canceled
WARNING:cbbpy.cbbpy_utils:"Mon Mar 18 12:17:02 2024": 401264525 - Canceled
WARNING:cbbpy.cbbpy_utils:"Mon Mar 18 12:17:02 2024": 401265455 - Canceled
WARNING:cbbpy.cbbpy_utils:"Mon Mar 18 12:17:02 2024": 401262104 - Canceled
WARNING:cbbpy.cbbpy_utils:"Mon Mar 18 12:17:02 2024": 401262117 - Canceled
WARNING:cbbpy.cbbpy_utils:"Mon Mar 18 12:17:02 2024": 401255770 - Canceled
WARNING:cbbpy.cbbpy_utils:"Mon Mar 18 12:17:02 2024": 401259293 - Canceled
WARNING:cbbpy.cbbpy_utils:"Mon Mar 18 12:17:02 2024": 401259952 - Canceled
WARNING:cbbpy.cbbpy_utils:"Mon Mar 18 12:17:02 2024": 401253496 - Canceled
WARNING:cbbpy.cbbpy_utils:"Mon Mar 18 12:17:02 2024": 401264536 - Canceled
WARNING:cbbpy.cbbpy_utils:"Mon Mar 18 12:17:02 2024": 401259039 - Canceled
WARNING:cbbpy.cbbpy_utils:"Mon Mar 18 12:17:02 2024": 401259318 - Canceled
WARNING:cbbpy.cbbpy_utils:"Mon Mar 18 12:17:02 2024": 401258907 - Canceled
WARNING:cbbpy.cbbpy_utils:"Mon Mar 18 12:17:02 2024": 401262488 - Canceled
WARNING:cbbpy.cbbpy_utils:"Mon Mar 18 12:17:02 2024": 401262100 - Canceled
WARNING:cbbpy.cbbpy_utils:"Mon Mar 18 12:17:02 2024": 401262518 - Canceled
WARNING:cbbpy.cbbpy_utils:"Mon Mar 18 12:17:02 2024": 401265455 - Canceled
WARNING:cbbpy.cbbpy_utils:"Mon Mar 18 12:17:02 2024": 401262104 - Canceled
WARNING:cbbpy.cbbpy_utils:"Mon Mar 18 12:17:02 2024": 401255770 - Canceled
WARNING:cbbpy.cbbpy_utils:"Mon Mar 18 12:17:02 2024": 401259952 - Canceled
WARNING:cbbpy.cbbpy_utils:"Mon Mar 18 12:17:02 2024": 401259293 - Canceled
WARNING:cbbpy.cbbpy_utils:"Mon Mar 18 12:17:02 2024": 401262117 - Canceled
WARNING:cbbpy.cbbpy_utils:"Mon Mar 18 12:17:02 2024": 401264536 - Canceled
WARNING:cbbpy.cbbpy_utils:"Mon Mar 18 12:17:02 2024": 401259039 - Canceled
WARNING:cbbpy.cbbpy_utils:"Mon Mar 18 12:17:03 2024": 401259318 - Canceled
WARNING:cbbpy.cbbpy_utils:"Mon Mar 18 12:17:03 2024": 401262117 - Canceled
WARNING:cbbpy.cbbpy_utils:"Mon Mar 18 12:17:05 2024": 401260002 - No PBP available
WARNING:cbbpy.cbbpy_utils:"Mon Mar 18 12:17:06 2024": 401259243 - No PBP available
WARNING:cbbpy.cbbpy_utils:"Mon Mar 18 12:17:06 2024": 401264462 - No PBP available
WARNING:cbbpy.cbbpy_utils:"Mon Mar 18 12:17:06 2024": 401265825 - No PBP available
WARNING:cbbpy.cbbpy_utils:"Mon Mar 18 12:17:06 2024": 401264543 - No PBP available
WARNING:cbbpy.cbbpy_utils:"Mon Mar 18 12:17:06 2024": 401265295 - No PBP available
WARNING:cbbpy.cbbpy_utils:"Mon Mar 18 12:17:06 2024": 401258909 - Canceled
WARNING:cbbpy.cbbpy_utils:"Mon Mar 18 12:17:06 2024": 401262290 - Canceled
WARNING:cbbpy.cbbpy_utils:"Mon Mar 18 12:17:06 2024": 401259036 - Canceled
WARNING:cbbpy.cbbpy_utils:"Mon Mar 18 12:17:06 2024": 401257344 - Canceled
WARNING:cbbpy.cbbpy_utils:"Mon Mar 18 12:17:06 2024": 401260009 - No PBP available
WARNING:cbbpy.cbbpy_utils:"Mon Mar 18 12:17:06 2024": 401258909 - Canceled
WARNING:cbbpy.cbbpy_utils:"Mon Mar 18 12:17:07 2024": 401259036 - Canceled
WARNING:cbbpy.cbbpy_utils:"Mon Mar 18 12:17:07 2024": 401257344 - Canceled
WARNING:cbbpy.cbbpy_utils:"Mon Mar 18 12:17:07 2024": 401262290 - Canceled
WARNING:cbbpy.cbbpy_utils:"Mon Mar 18 12:17:07 2024": 401258909 - Canceled
WARNING:cbbpy.cbbpy_utils:"Mon Mar 18 12:17:07 2024": 401259036 - Canceled
WARNING:cbbpy.cbbpy_utils:"Mon Mar 18 12:17:07 2024": 401262501 - No PBP available
WARNING:cbbpy.cbbpy_utils:"Mon Mar 18 12:17:07 2024": 401257344 - Canceled
WARNING:cbbpy.cbbpy_utils:"Mon Mar 18 12:17:07 2024": 401262290 - Canceled
WARNING:cbbpy.cbbpy_utils:"Mon Mar 18 12:17:10 2024": 401264449 - No PBP available
WARNING:cbbpy.cbbpy_utils:"Mon Mar 18 12:17:10 2024": 401265733 - No PBP available
WARNING:cbbpy.cbbpy_utils:"Mon Mar 18 12:17:10 2024": 401257569 - No PBP available
WARNING:cbbpy.cbbpy_utils:"Mon Mar 18 12:17:11 2024": 401259546 - No PBP available
WARNING:cbbpy.cbbpy_utils:"Mon Mar 18 12:17:11 2024": 401260378 - No PBP available
WARNING:cbbpy.cbbpy_utils:"Mon Mar 18 12:17:12 2024": 401261483 - No PBP available
WARNING:cbbpy.cbbpy_utils:"Mon Mar 18 12:17:12 2024": 401262442 - No PBP available
WARNING:cbbpy.cbbpy_utils:"Mon Mar 18 12:17:13 2024": 401264404 - No PBP available
WARNING:cbbpy.cbbpy_utils:"Mon Mar 18 12:17:13 2024": 401265035 - No PBP available
WARNING:cbbpy.cbbpy_utils:"Mon Mar 18 12:17:14 2024": 401262098 - No PBP available
WARNING:cbbpy.cbbpy_utils:"Mon Mar 18 12:17:14 2024": 401261658 - No PBP available
WARNING:cbbpy.cbbpy_utils:"Mon Mar 18 12:17:14 2024": 401262976 - Canceled
WARNING:cbbpy.cbbpy_utils:"Mon Mar 18 12:17:15 2024": 401259075 - Canceled
WARNING:cbbpy.cbbpy_utils:"Mon Mar 18 12:17:15 2024": 401264601 - Canceled
WARNING:cbbpy.cbbpy_utils:"Mon Mar 18 12:17:15 2024": 401258858 - Canceled
WARNING:cbbpy.cbbpy_utils:"Mon Mar 18 12:17:15 2024": 401262673 - No PBP available
WARNING:cbbpy.cbbpy_utils:"Mon Mar 18 12:17:15 2024": 401257343 - Canceled
WARNING:cbbpy.cbbpy_utils:"Mon Mar 18 12:17:15 2024": 401257633 - Canceled
WARNING:cbbpy.cbbpy_utils:"Mon Mar 18 12:17:15 2024": 401260331 - Postponed
WARNING:cbbpy.cbbpy_utils:"Mon Mar 18 12:17:15 2024": 401264454 - Canceled
WARNING:cbbpy.cbbpy_utils:"Mon Mar 18 12:17:15 2024": 401262976 - Canceled
WARNING:cbbpy.cbbpy_utils:"Mon Mar 18 12:17:15 2024": 401259075 - Canceled
WARNING:cbbpy.cbbpy_utils:"Mon Mar 18 12:17:15 2024": 401262441 - Canceled
WARNING:cbbpy.cbbpy_utils:"Mon Mar 18 12:17:15 2024": 401264601 - Canceled
WARNING:cbbpy.cbbpy_utils:"Mon Mar 18 12:17:15 2024": 401258858 - Canceled
WARNING:cbbpy.cbbpy_utils:"Mon Mar 18 12:17:15 2024": 401257633 - Canceled
WARNING:cbbpy.cbbpy_utils:"Mon Mar 18 12:17:15 2024": 401262118 - Canceled
WARNING:cbbpy.cbbpy_utils:"Mon Mar 18 12:17:15 2024": 401257343 - Canceled
WARNING:cbbpy.cbbpy_utils:"Mon Mar 18 12:17:15 2024": 401264454 - Canceled
WARNING:cbbpy.cbbpy_utils:"Mon Mar 18 12:17:15 2024": 401260331 - Postponed
WARNING:cbbpy.cbbpy_utils:"Mon Mar 18 12:17:15 2024": 401262976 - Canceled
WARNING:cbbpy.cbbpy_utils:"Mon Mar 18 12:17:15 2024": 401264601 - Canceled
WARNING:cbbpy.cbbpy_utils:"Mon Mar 18 12:17:15 2024": 401259075 - Canceled
WARNING:cbbpy.cbbpy_utils:"Mon Mar 18 12:17:15 2024": 401262441 - Canceled
WARNING:cbbpy.cbbpy_utils:"Mon Mar 18 12:17:15 2024": 401264535 - Canceled
WARNING:cbbpy.cbbpy_utils:"Mon Mar 18 12:17:15 2024": 401262122 - Canceled
WARNING:cbbpy.cbbpy_utils:"Mon Mar 18 12:17:15 2024": 401257633 - Canceled
WARNING:cbbpy.cbbpy_utils:"Mon Mar 18 12:17:15 2024": 401258858 - Canceled
WARNING:cbbpy.cbbpy_utils:"Mon Mar 18 12:17:15 2024": 401257343 - Canceled
WARNING:cbbpy.cbbpy_utils:"Mon Mar 18 12:17:15 2024": 401264454 - Canceled
WARNING:cbbpy.cbbpy_utils:"Mon Mar 18 12:17:15 2024": 401262118 - Canceled
WARNING:cbbpy.cbbpy_utils:"Mon Mar 18 12:17:15 2024": 401262441 - Canceled
WARNING:cbbpy.cbbpy_utils:"Mon Mar 18 12:17:16 2024": 401260331 - Postponed
WARNING:cbbpy.cbbpy_utils:"Mon Mar 18 12:17:16 2024": 401262122 - Canceled
WARNING:cbbpy.cbbpy_utils:"Mon Mar 18 12:17:16 2024": 401264535 - Canceled
WARNING:cbbpy.cbbpy_utils:"Mon Mar 18 12:17:16 2024": 401262118 - Canceled
WARNING:cbbpy.cbbpy_utils:"Mon Mar 18 12:17:16 2024": 401262122 - Canceled
WARNING:cbbpy.cbbpy_utils:"Mon Mar 18 12:17:16 2024": 401264535 - Canceled
WARNING:cbbpy.cbbpy_utils:"Mon Mar 18 12:17:19 2024": 401265777 - No PBP available
WARNING:cbbpy.cbbpy_utils:"Mon Mar 18 12:17:19 2024": 401262143 - No PBP available
WARNING:cbbpy.cbbpy_utils:"Mon Mar 18 12:17:19 2024": 401262158 - No PBP available
WARNING:cbbpy.cbbpy_utils:"Mon Mar 18 12:17:19 2024": 401259304 - No PBP available
WARNING:cbbpy.cbbpy_utils:"Mon Mar 18 12:17:19 2024": 401262865 - No PBP available
WARNING:cbbpy.cbbpy_utils:"Mon Mar 18 12:17:19 2024": 401257596 - No PBP available
WARNING:cbbpy.cbbpy_utils:"Mon Mar 18 12:17:20 2024": 401262403 - No PBP available
WARNING:cbbpy.cbbpy_utils:"Mon Mar 18 12:17:20 2024": 401264634 - No PBP available
WARNING:cbbpy.cbbpy_utils:"Mon Mar 18 12:17:21 2024": 401259287 - No PBP available
WARNING:cbbpy.cbbpy_utils:"Mon Mar 18 12:17:21 2024": 401255578 - No PBP available
WARNING:cbbpy.cbbpy_utils:"Mon Mar 18 12:17:21 2024": 401256512 - No PBP available
WARNING:cbbpy.cbbpy_utils:"Mon Mar 18 12:17:21 2024": 401265874 - No PBP available
WARNING:cbbpy.cbbpy_utils:"Mon Mar 18 12:17:21 2024": 401264459 - Canceled
WARNING:cbbpy.cbbpy_utils:"Mon Mar 18 12:17:22 2024": 401258894 - Canceled
WARNING:cbbpy.cbbpy_utils:"Mon Mar 18 12:17:22 2024": 401262977 - Canceled
WARNING:cbbpy.cbbpy_utils:"Mon Mar 18 12:17:22 2024": 401256841 - Canceled
WARNING:cbbpy.cbbpy_utils:"Mon Mar 18 12:17:22 2024": 401259286 - No PBP available
WARNING:cbbpy.cbbpy_utils:"Mon Mar 18 12:17:22 2024": 401258894 - Canceled
WARNING:cbbpy.cbbpy_utils:"Mon Mar 18 12:17:22 2024": 401254101 - Postponed
WARNING:cbbpy.cbbpy_utils:"Mon Mar 18 12:17:22 2024": 401264459 - Canceled
WARNING:cbbpy.cbbpy_utils:"Mon Mar 18 12:17:22 2024": 401266626 - No PBP available
WARNING:cbbpy.cbbpy_utils:"Mon Mar 18 12:17:22 2024": 401262091 - Canceled
WARNING:cbbpy.cbbpy_utils:"Mon Mar 18 12:17:22 2024": 401262977 - Canceled
WARNING:cbbpy.cbbpy_utils:"Mon Mar 18 12:17:22 2024": 401256841 - Canceled
WARNING:cbbpy.cbbpy_utils:"Mon Mar 18 12:17:22 2024": 401257608 - Canceled
WARNING:cbbpy.cbbpy_utils:"Mon Mar 18 12:17:22 2024": 401258894 - Canceled
WARNING:cbbpy.cbbpy_utils:"Mon Mar 18 12:17:22 2024": 401254101 - Postponed
WARNING:cbbpy.cbbpy_utils:"Mon Mar 18 12:17:22 2024": 401254059 - Canceled
WARNING:cbbpy.cbbpy_utils:"Mon Mar 18 12:17:22 2024": 401261729 - No PBP available
WARNING:cbbpy.cbbpy_utils:"Mon Mar 18 12:17:22 2024": 401262091 - Canceled
WARNING:cbbpy.cbbpy_utils:"Mon Mar 18 12:17:22 2024": 401257608 - Canceled
WARNING:cbbpy.cbbpy_utils:"Mon Mar 18 12:17:22 2024": 401256841 - Canceled
WARNING:cbbpy.cbbpy_utils:"Mon Mar 18 12:17:22 2024": 401262408 - Canceled
WARNING:cbbpy.cbbpy_utils:"Mon Mar 18 12:17:23 2024": 401262977 - Canceled
WARNING:cbbpy.cbbpy_utils:"Mon Mar 18 12:17:23 2024": 401264459 - Canceled
WARNING:cbbpy.cbbpy_utils:"Mon Mar 18 12:17:23 2024": 401265674 - Canceled
WARNING:cbbpy.cbbpy_utils:"Mon Mar 18 12:17:23 2024": 401255694 - Canceled
WARNING:cbbpy.cbbpy_utils:"Mon Mar 18 12:17:23 2024": 401254101 - Postponed
WARNING:cbbpy.cbbpy_utils:"Mon Mar 18 12:17:23 2024": 401254059 - Canceled
WARNING:cbbpy.cbbpy_utils:"Mon Mar 18 12:17:23 2024": 401259953 - Canceled
WARNING:cbbpy.cbbpy_utils:"Mon Mar 18 12:17:23 2024": 401262091 - Canceled
WARNING:cbbpy.cbbpy_utils:"Mon Mar 18 12:17:23 2024": 401255763 - Canceled
WARNING:cbbpy.cbbpy_utils:"Mon Mar 18 12:17:23 2024": 401262408 - Canceled
WARNING:cbbpy.cbbpy_utils:"Mon Mar 18 12:17:23 2024": 401257608 - Canceled
WARNING:cbbpy.cbbpy_utils:"Mon Mar 18 12:17:23 2024": 401265674 - Canceled
WARNING:cbbpy.cbbpy_utils:"Mon Mar 18 12:17:23 2024": 401262123 - Canceled
WARNING:cbbpy.cbbpy_utils:"Mon Mar 18 12:17:23 2024": 401262982 - Postponed
WARNING:cbbpy.cbbpy_utils:"Mon Mar 18 12:17:23 2024": 401262119 - Canceled
WARNING:cbbpy.cbbpy_utils:"Mon Mar 18 12:17:23 2024": 401255694 - Canceled
WARNING:cbbpy.cbbpy_utils:"Mon Mar 18 12:17:23 2024": 401259953 - Canceled
WARNING:cbbpy.cbbpy_utils:"Mon Mar 18 12:17:23 2024": 401254059 - Canceled
WARNING:cbbpy.cbbpy_utils:"Mon Mar 18 12:17:23 2024": 401255763 - Canceled
WARNING:cbbpy.cbbpy_utils:"Mon Mar 18 12:17:23 2024": 401262408 - Canceled
WARNING:cbbpy.cbbpy_utils:"Mon Mar 18 12:17:23 2024": 401262123 - Canceled
WARNING:cbbpy.cbbpy_utils:"Mon Mar 18 12:17:23 2024": 401265674 - Canceled
WARNING:cbbpy.cbbpy_utils:"Mon Mar 18 12:17:23 2024": 401262119 - Canceled
WARNING:cbbpy.cbbpy_utils:"Mon Mar 18 12:17:23 2024": 401259953 - Canceled
WARNING:cbbpy.cbbpy_utils:"Mon Mar 18 12:17:23 2024": 401262982 - Postponed
WARNING:cbbpy.cbbpy_utils:"Mon Mar 18 12:17:23 2024": 401262123 - Canceled
WARNING:cbbpy.cbbpy_utils:"Mon Mar 18 12:17:23 2024": 401255694 - Canceled
WARNING:cbbpy.cbbpy_utils:"Mon Mar 18 12:17:23 2024": 401255763 - Canceled
WARNING:cbbpy.cbbpy_utils:"Mon Mar 18 12:17:23 2024": 401262119 - Canceled
WARNING:cbbpy.cbbpy_utils:"Mon Mar 18 12:17:24 2024": 401262982 - Postponed
WARNING:cbbpy.cbbpy_utils:"Mon Mar 18 12:17:26 2024": 401265779 - No PBP available
WARNING:cbbpy.cbbpy_utils:"Mon Mar 18 12:17:27 2024": 401265323 - No PBP available
WARNING:cbbpy.cbbpy_utils:"Mon Mar 18 12:17:27 2024": 401261598 - No PBP available
WARNING:cbbpy.cbbpy_utils:"Mon Mar 18 12:17:27 2024": 401263088 - No PBP available
WARNING:cbbpy.cbbpy_utils:"Mon Mar 18 12:17:28 2024": 401264969 - Canceled
WARNING:cbbpy.cbbpy_utils:"Mon Mar 18 12:17:28 2024": 401262148 - Canceled
WARNING:cbbpy.cbbpy_utils:"Mon Mar 18 12:17:28 2024": 401264969 - Canceled
WARNING:cbbpy.cbbpy_utils:"Mon Mar 18 12:17:28 2024": 401262148 - Canceled
WARNING:cbbpy.cbbpy_utils:"Mon Mar 18 12:17:28 2024": 401259564 - Canceled
WARNING:cbbpy.cbbpy_utils:"Mon Mar 18 12:17:28 2024": 401262444 - Canceled
WARNING:cbbpy.cbbpy_utils:"Mon Mar 18 12:17:28 2024": 401262548 - Canceled
WARNING:cbbpy.cbbpy_utils:"Mon Mar 18 12:17:28 2024": 401262072 - Canceled
WARNING:cbbpy.cbbpy_utils:"Mon Mar 18 12:17:28 2024": 401265735 - No PBP available
WARNING:cbbpy.cbbpy_utils:"Mon Mar 18 12:17:28 2024": 401264969 - Canceled
WARNING:cbbpy.cbbpy_utils:"Mon Mar 18 12:17:28 2024": 401262148 - Canceled
WARNING:cbbpy.cbbpy_utils:"Mon Mar 18 12:17:28 2024": 401259031 - Canceled
WARNING:cbbpy.cbbpy_utils:"Mon Mar 18 12:17:28 2024": 401259564 - Canceled
WARNING:cbbpy.cbbpy_utils:"Mon Mar 18 12:17:28 2024": 401262444 - Canceled
WARNING:cbbpy.cbbpy_utils:"Mon Mar 18 12:17:28 2024": 401262072 - Canceled
WARNING:cbbpy.cbbpy_utils:"Mon Mar 18 12:17:28 2024": 401264967 - No PBP available
WARNING:cbbpy.cbbpy_utils:"Mon Mar 18 12:17:28 2024": 401262548 - Canceled
WARNING:cbbpy.cbbpy_utils:"Mon Mar 18 12:17:29 2024": 401259547 - No PBP available
WARNING:cbbpy.cbbpy_utils:"Mon Mar 18 12:17:29 2024": 401257668 - Postponed
WARNING:cbbpy.cbbpy_utils:"Mon Mar 18 12:17:29 2024": 401259031 - Canceled
WARNING:cbbpy.cbbpy_utils:"Mon Mar 18 12:17:29 2024": 401259564 - Canceled
WARNING:cbbpy.cbbpy_utils:"Mon Mar 18 12:17:29 2024": 401262444 - Canceled
WARNING:cbbpy.cbbpy_utils:"Mon Mar 18 12:17:29 2024": 401264544 - No PBP available
WARNING:cbbpy.cbbpy_utils:"Mon Mar 18 12:17:29 2024": 401262072 - Canceled
WARNING:cbbpy.cbbpy_utils:"Mon Mar 18 12:17:29 2024": 401264442 - No PBP available
WARNING:cbbpy.cbbpy_utils:"Mon Mar 18 12:17:29 2024": 401262548 - Canceled
WARNING:cbbpy.cbbpy_utils:"Mon Mar 18 12:17:29 2024": 401257668 - Postponed
WARNING:cbbpy.cbbpy_utils:"Mon Mar 18 12:17:29 2024": 401259031 - Canceled
WARNING:cbbpy.cbbpy_utils:"Mon Mar 18 12:17:29 2024": 401257668 - Postponed
WARNING:cbbpy.cbbpy_utils:"Mon Mar 18 12:17:52 2024": 401611539 - No PBP available
WARNING:cbbpy.cbbpy_utils:"Mon Mar 18 12:18:06 2024": 401609949 - No PBP available
WARNING:cbbpy.cbbpy_utils:"Mon Mar 18 12:18:15 2024": 401576633 - Canceled
WARNING:cbbpy.cbbpy_utils:"Mon Mar 18 12:18:16 2024": 401576633 - Canceled
WARNING:cbbpy.cbbpy_utils:"Mon Mar 18 12:18:16 2024": 401576633 - Canceled
WARNING:cbbpy.cbbpy_utils:"Mon Mar 18 12:18:29 2024": 401581846 - No PBP available
WARNING:cbbpy.cbbpy_utils:"Mon Mar 18 12:18:36 2024": 401604793 - No PBP available
WARNING:cbbpy.cbbpy_utils:"Mon Mar 18 12:18:37 2024": 401581869 - No PBP available
WARNING:cbbpy.cbbpy_utils:"Mon Mar 18 12:18:39 2024": 401587234 - No PBP available
WARNING:cbbpy.cbbpy_utils:"Mon Mar 18 12:18:45 2024": 401584337 - No PBP available
WARNING:cbbpy.cbbpy_utils:"Mon Mar 18 12:18:50 2024": 401604806 - No PBP available
WARNING:cbbpy.cbbpy_utils:"Mon Mar 18 12:18:50 2024": 401581349 - No PBP available
WARNING:cbbpy.cbbpy_utils:"Mon Mar 18 12:18:56 2024": 401581784 - No PBP available
WARNING:cbbpy.cbbpy_utils:"Mon Mar 18 12:18:56 2024": 401577708 - No PBP available
WARNING:cbbpy.cbbpy_utils:"Mon Mar 18 12:19:02 2024": 401597904 - No PBP available
WARNING:cbbpy.cbbpy_utils:"Mon Mar 18 12:19:06 2024": 401581814 - No PBP available
WARNING:cbbpy.cbbpy_utils:"Mon Mar 18 12:19:09 2024": 401582120 - No PBP available
WARNING:cbbpy.cbbpy_utils:"Mon Mar 18 12:19:11 2024": 401582121 - No PBP available
WARNING:cbbpy.cbbpy_utils:"Mon Mar 18 12:19:11 2024": 401581813 - No PBP available
WARNING:cbbpy.cbbpy_utils:"Mon Mar 18 12:19:11 2024": 401582122 - No PBP available
WARNING:cbbpy.cbbpy_utils:"Mon Mar 18 12:19:12 2024": 401604419 - No PBP available
WARNING:cbbpy.cbbpy_utils:"Mon Mar 18 12:19:15 2024": 401594212 - No PBP available
WARNING:cbbpy.cbbpy_utils:"Mon Mar 18 12:19:15 2024": 401577699 - No PBP available
WARNING:cbbpy.cbbpy_utils:"Mon Mar 18 12:19:19 2024": 401584390 - No PBP available
WARNING:cbbpy.cbbpy_utils:"Mon Mar 18 12:19:21 2024": 401582125 - No PBP available
WARNING:cbbpy.cbbpy_utils:"Mon Mar 18 12:19:21 2024": 401594213 - No PBP available
WARNING:cbbpy.cbbpy_utils:"Mon Mar 18 12:19:22 2024": 401582126 - No PBP available
WARNING:cbbpy.cbbpy_utils:"Mon Mar 18 12:19:22 2024": 401597979 - No PBP available
WARNING:cbbpy.cbbpy_utils:"Mon Mar 18 12:19:25 2024": 401594214 - No PBP available
WARNING:cbbpy.cbbpy_utils:"Mon Mar 18 12:19:25 2024": 401597419 - No PBP available
WARNING:cbbpy.cbbpy_utils:"Mon Mar 18 12:19:27 2024": 401587242 - No PBP available
WARNING:cbbpy.cbbpy_utils:"Mon Mar 18 12:19:27 2024": 401598576 - No PBP available
WARNING:cbbpy.cbbpy_utils:"Mon Mar 18 12:19:29 2024": 401601479 - No PBP available
WARNING:cbbpy.cbbpy_utils:"Mon Mar 18 12:19:29 2024": 401582123 - No PBP available
WARNING:cbbpy.cbbpy_utils:"Mon Mar 18 12:19:30 2024": 401590208 - No PBP available
WARNING:cbbpy.cbbpy_utils:"Mon Mar 18 12:19:30 2024": 401582124 - No PBP available
WARNING:cbbpy.cbbpy_utils:"Mon Mar 18 12:19:33 2024": 401582149 - No PBP available
WARNING:cbbpy.cbbpy_utils:"Mon Mar 18 12:19:33 2024": 401601482 - No PBP available
WARNING:cbbpy.cbbpy_utils:"Mon Mar 18 12:19:33 2024": 401604306 - No PBP available
WARNING:cbbpy.cbbpy_utils:"Mon Mar 18 12:19:33 2024": 401601481 - No PBP available
WARNING:cbbpy.cbbpy_utils:"Mon Mar 18 12:19:34 2024": 401582150 - No PBP available
WARNING:cbbpy.cbbpy_utils:"Mon Mar 18 12:19:34 2024": 401604305 - No PBP available
WARNING:cbbpy.cbbpy_utils:"Mon Mar 18 12:19:35 2024": 401582128 - No PBP available
WARNING:cbbpy.cbbpy_utils:"Mon Mar 18 12:19:35 2024": 401601483 - No PBP available
WARNING:cbbpy.cbbpy_utils:"Mon Mar 18 12:19:37 2024": 401614679 - No PBP available
WARNING:cbbpy.cbbpy_utils:"Mon Mar 18 12:19:37 2024": 401582127 - No PBP available
WARNING:cbbpy.cbbpy_utils:"Mon Mar 18 12:19:38 2024": 401599983 - No PBP available
WARNING:cbbpy.cbbpy_utils:"Mon Mar 18 12:19:38 2024": 401603137 - No PBP available
WARNING:cbbpy.cbbpy_utils:"Mon Mar 18 12:19:40 2024": 401594130 - No PBP available
WARNING:cbbpy.cbbpy_utils:"Mon Mar 18 12:19:46 2024": 401581600 - No PBP available
WARNING:cbbpy.cbbpy_utils:"Mon Mar 18 12:19:48 2024": 401604308 - No PBP available
WARNING:cbbpy.cbbpy_utils:"Mon Mar 18 12:19:48 2024": 401604307 - No PBP available
WARNING:cbbpy.cbbpy_utils:"Mon Mar 18 12:19:52 2024": 401604310 - No PBP available
WARNING:cbbpy.cbbpy_utils:"Mon Mar 18 12:19:52 2024": 401604309 - No PBP available
WARNING:cbbpy.cbbpy_utils:"Mon Mar 18 12:20:09 2024": 401581772 - No PBP available
WARNING:cbbpy.cbbpy_utils:"Mon Mar 18 12:20:18 2024": 401611812 - No PBP available
WARNING:cbbpy.cbbpy_utils:"Mon Mar 18 12:20:23 2024": 401604347 - No PBP available
WARNING:cbbpy.cbbpy_utils:"Mon Mar 18 12:20:40 2024": 401591553 - Postponed
WARNING:cbbpy.cbbpy_utils:"Mon Mar 18 12:20:40 2024": 401591553 - Postponed
WARNING:cbbpy.cbbpy_utils:"Mon Mar 18 12:20:40 2024": 401591553 - Postponed
WARNING:cbbpy.cbbpy_utils:"Mon Mar 18 12:20:47 2024": 401587641 - No PBP available
WARNING:cbbpy.cbbpy_utils:"Mon Mar 18 12:21:10 2024": 401577721 - No PBP available
WARNING:cbbpy.cbbpy_utils:"Mon Mar 18 12:21:12 2024": 401577535 - Canceled
WARNING:cbbpy.cbbpy_utils:"Mon Mar 18 12:21:12 2024": 401577535 - Canceled
WARNING:cbbpy.cbbpy_utils:"Mon Mar 18 12:21:13 2024": 401577535 - Canceled
WARNING:cbbpy.cbbpy_utils:"Mon Mar 18 12:21:58 2024": 401581177 - No PBP available
WARNING:cbbpy.cbbpy_utils:"Mon Mar 18 12:22:15 2024": 401593939 - No PBP available
WARNING:cbbpy.cbbpy_utils:"Mon Mar 18 12:23:06 2024": 401606612 - No PBP available
WARNING:cbbpy.cbbpy_utils:"Mon Mar 18 12:23:32 2024": 401594405 - No PBP available
WARNING:cbbpy.cbbpy_utils:"Mon Mar 18 12:23:33 2024": 401578964 - No PBP available
WARNING:cbbpy.cbbpy_utils:"Mon Mar 18 12:23:35 2024": 401579041 - No PBP available
WARNING:cbbpy.cbbpy_utils:"Mon Mar 18 12:23:35 2024": 401600101 - No PBP available
WARNING:cbbpy.cbbpy_utils:"Mon Mar 18 12:23:37 2024": 401587266 - No PBP available
WARNING:cbbpy.cbbpy_utils:"Mon Mar 18 12:23:42 2024": 401600102 - No PBP available
WARNING:cbbpy.cbbpy_utils:"Mon Mar 18 12:23:54 2024": 401581184 - No PBP available
WARNING:cbbpy.cbbpy_utils:"Mon Mar 18 12:24:19 2024": 401598025 - Postponed
WARNING:cbbpy.cbbpy_utils:"Mon Mar 18 12:24:20 2024": 401598025 - Postponed
WARNING:cbbpy.cbbpy_utils:"Mon Mar 18 12:24:20 2024": 401627822 - No PBP available
WARNING:cbbpy.cbbpy_utils:"Mon Mar 18 12:24:20 2024": 401598025 - Postponed
WARNING:cbbpy.cbbpy_utils:"Mon Mar 18 12:24:34 2024": 401587279 - No PBP available
WARNING:cbbpy.cbbpy_utils:"Mon Mar 18 12:24:35 2024": 401589679 - Postponed
WARNING:cbbpy.cbbpy_utils:"Mon Mar 18 12:24:36 2024": 401589679 - Postponed
WARNING:cbbpy.cbbpy_utils:"Mon Mar 18 12:24:36 2024": 401589679 - Postponed
WARNING:cbbpy.cbbpy_utils:"Mon Mar 18 12:24:45 2024": 401581198 - No PBP available
WARNING:cbbpy.cbbpy_utils:"Mon Mar 18 12:24:50 2024": 401579017 - No PBP available
WARNING:cbbpy.cbbpy_utils:"Mon Mar 18 12:24:57 2024": 401598026 - No PBP available
WARNING:cbbpy.cbbpy_utils:"Mon Mar 18 12:24:57 2024": 401598905 - No PBP available
WARNING:cbbpy.cbbpy_utils:"Mon Mar 18 12:25:12 2024": 401580058 - No PBP available
WARNING:cbbpy.cbbpy_utils:"Mon Mar 18 12:25:14 2024": 401581618 - Postponed
WARNING:cbbpy.cbbpy_utils:"Mon Mar 18 12:25:14 2024": 401581618 - Postponed
WARNING:cbbpy.cbbpy_utils:"Mon Mar 18 12:25:15 2024": 401581618 - Postponed
WARNING:cbbpy.cbbpy_utils:"Mon Mar 18 12:26:15 2024": 401633439 - No PBP available
WARNING:cbbpy.cbbpy_utils:"Mon Mar 18 12:26:19 2024": 401588675 - No PBP available
WARNING:cbbpy.cbbpy_utils:"Mon Mar 18 12:26:43 2024": 401600252 - No PBP available
WARNING:cbbpy.cbbpy_utils:"Mon Mar 18 12:27:21 2024": 401574119 - No PBP available
WARNING:cbbpy.cbbpy_utils:"Mon Mar 18 12:27:23 2024": 401574638 - No PBP available
WARNING:cbbpy.cbbpy_utils:"Mon Mar 18 12:27:26 2024": 401598031 - No PBP available
WARNING:cbbpy.cbbpy_utils:"Mon Mar 18 12:27:34 2024": 401598032 - No PBP available
WARNING:cbbpy.cbbpy_utils:"Mon Mar 18 12:27:46 2024": 401600742 - No PBP available
WARNING:cbbpy.cbbpy_utils:"Mon Mar 18 12:27:53 2024": 401587748 - No PBP available
WARNING:cbbpy.cbbpy_utils:"Mon Mar 18 12:27:53 2024": 401589369 - No PBP available
WARNING:cbbpy.cbbpy_utils:"Mon Mar 18 12:27:53 2024": 401599993 - No PBP available
WARNING:cbbpy.cbbpy_utils:"Mon Mar 18 12:27:53 2024": 401594319 - No PBP available
WARNING:cbbpy.cbbpy_utils:"Mon Mar 18 12:27:53 2024": 401581755 - No PBP available
WARNING:cbbpy.cbbpy_utils:"Mon Mar 18 12:27:53 2024": 401588694 - No PBP available
WARNING:cbbpy.cbbpy_utils:"Mon Mar 18 12:27:53 2024": 401594339 - No PBP available
WARNING:cbbpy.cbbpy_utils:"Mon Mar 18 12:28:14 2024": 401598034 - No PBP available
WARNING:cbbpy.cbbpy_utils:"Mon Mar 18 12:28:15 2024": 401594414 - No PBP available
WARNING:cbbpy.cbbpy_utils:"Mon Mar 18 12:28:28 2024": 401600755 - No PBP available
WARNING:cbbpy.cbbpy_utils:"Mon Mar 18 12:29:49 2024": 401625676 - No PBP available
WARNING:cbbpy.cbbpy_utils:"Tue Mar 19 08:28:44 2024": 401611539 - No PBP available
WARNING:cbbpy.cbbpy_utils:"Tue Mar 19 08:28:53 2024": 401609949 - No PBP available
WARNING:cbbpy.cbbpy_utils:"Tue Mar 19 08:29:00 2024": 401576633 - Canceled
WARNING:cbbpy.cbbpy_utils:"Tue Mar 19 08:29:00 2024": 401576633 - Canceled
WARNING:cbbpy.cbbpy_utils:"Tue Mar 19 08:29:01 2024": 401576633 - Canceled
WARNING:cbbpy.cbbpy_utils:"Tue Mar 19 08:29:10 2024": 401581846 - No PBP available
WARNING:cbbpy.cbbpy_utils:"Tue Mar 19 08:29:15 2024": 401604793 - No PBP available
WARNING:cbbpy.cbbpy_utils:"Tue Mar 19 08:29:16 2024": 401581869 - No PBP available
WARNING:cbbpy.cbbpy_utils:"Tue Mar 19 08:29:17 2024": 401587234 - No PBP available
WARNING:cbbpy.cbbpy_utils:"Tue Mar 19 08:29:22 2024": 401584337 - No PBP available
WARNING:cbbpy.cbbpy_utils:"Tue Mar 19 08:29:26 2024": 401604806 - No PBP available
WARNING:cbbpy.cbbpy_utils:"Tue Mar 19 08:29:26 2024": 401581349 - No PBP available
WARNING:cbbpy.cbbpy_utils:"Tue Mar 19 08:29:30 2024": 401581784 - No PBP available
WARNING:cbbpy.cbbpy_utils:"Tue Mar 19 08:29:30 2024": 401577708 - No PBP available
WARNING:cbbpy.cbbpy_utils:"Tue Mar 19 08:29:34 2024": 401597904 - No PBP available
WARNING:cbbpy.cbbpy_utils:"Tue Mar 19 08:29:38 2024": 401581814 - No PBP available
WARNING:cbbpy.cbbpy_utils:"Tue Mar 19 08:29:40 2024": 401582120 - No PBP available
WARNING:cbbpy.cbbpy_utils:"Tue Mar 19 08:29:41 2024": 401581813 - No PBP available
WARNING:cbbpy.cbbpy_utils:"Tue Mar 19 08:29:41 2024": 401582121 - No PBP available
WARNING:cbbpy.cbbpy_utils:"Tue Mar 19 08:29:42 2024": 401604419 - No PBP available
WARNING:cbbpy.cbbpy_utils:"Tue Mar 19 08:29:42 2024": 401582122 - No PBP available
WARNING:cbbpy.cbbpy_utils:"Tue Mar 19 08:29:43 2024": 401594212 - No PBP available
WARNING:cbbpy.cbbpy_utils:"Tue Mar 19 08:29:44 2024": 401577699 - No PBP available
WARNING:cbbpy.cbbpy_utils:"Tue Mar 19 08:29:46 2024": 401584390 - No PBP available
WARNING:cbbpy.cbbpy_utils:"Tue Mar 19 08:29:47 2024": 401582125 - No PBP available
WARNING:cbbpy.cbbpy_utils:"Tue Mar 19 08:29:47 2024": 401594213 - No PBP available
WARNING:cbbpy.cbbpy_utils:"Tue Mar 19 08:29:48 2024": 401582126 - No PBP available
WARNING:cbbpy.cbbpy_utils:"Tue Mar 19 08:29:48 2024": 401597979 - No PBP available
WARNING:cbbpy.cbbpy_utils:"Tue Mar 19 08:29:51 2024": 401594214 - No PBP available
WARNING:cbbpy.cbbpy_utils:"Tue Mar 19 08:29:51 2024": 401597419 - No PBP available
WARNING:cbbpy.cbbpy_utils:"Tue Mar 19 08:29:52 2024": 401587242 - No PBP available
WARNING:cbbpy.cbbpy_utils:"Tue Mar 19 08:29:52 2024": 401598576 - No PBP available
WARNING:cbbpy.cbbpy_utils:"Tue Mar 19 08:29:53 2024": 401601479 - No PBP available
WARNING:cbbpy.cbbpy_utils:"Tue Mar 19 08:29:53 2024": 401582123 - No PBP available
WARNING:cbbpy.cbbpy_utils:"Tue Mar 19 08:29:54 2024": 401582124 - No PBP available
WARNING:cbbpy.cbbpy_utils:"Tue Mar 19 08:29:54 2024": 401590208 - No PBP available
WARNING:cbbpy.cbbpy_utils:"Tue Mar 19 08:29:56 2024": 401582149 - No PBP available
WARNING:cbbpy.cbbpy_utils:"Tue Mar 19 08:29:56 2024": 401601481 - No PBP available
WARNING:cbbpy.cbbpy_utils:"Tue Mar 19 08:29:56 2024": 401604306 - No PBP available
WARNING:cbbpy.cbbpy_utils:"Tue Mar 19 08:29:56 2024": 401601482 - No PBP available
WARNING:cbbpy.cbbpy_utils:"Tue Mar 19 08:29:57 2024": 401582150 - No PBP available
WARNING:cbbpy.cbbpy_utils:"Tue Mar 19 08:29:57 2024": 401601483 - No PBP available
WARNING:cbbpy.cbbpy_utils:"Tue Mar 19 08:29:57 2024": 401604305 - No PBP available
WARNING:cbbpy.cbbpy_utils:"Tue Mar 19 08:29:57 2024": 401582128 - No PBP available
WARNING:cbbpy.cbbpy_utils:"Tue Mar 19 08:29:58 2024": 401614679 - No PBP available
WARNING:cbbpy.cbbpy_utils:"Tue Mar 19 08:29:58 2024": 401582127 - No PBP available
WARNING:cbbpy.cbbpy_utils:"Tue Mar 19 08:29:59 2024": 401603137 - No PBP available
WARNING:cbbpy.cbbpy_utils:"Tue Mar 19 08:29:59 2024": 401599983 - No PBP available
WARNING:cbbpy.cbbpy_utils:"Tue Mar 19 08:30:01 2024": 401594130 - No PBP available
WARNING:cbbpy.cbbpy_utils:"Tue Mar 19 08:30:05 2024": 401581600 - No PBP available
WARNING:cbbpy.cbbpy_utils:"Tue Mar 19 08:30:06 2024": 401604308 - No PBP available
WARNING:cbbpy.cbbpy_utils:"Tue Mar 19 08:30:06 2024": 401604307 - No PBP available
WARNING:cbbpy.cbbpy_utils:"Tue Mar 19 08:30:08 2024": 401604310 - No PBP available
WARNING:cbbpy.cbbpy_utils:"Tue Mar 19 08:30:08 2024": 401604309 - No PBP available
WARNING:cbbpy.cbbpy_utils:"Tue Mar 19 08:30:21 2024": 401581772 - No PBP available
WARNING:cbbpy.cbbpy_utils:"Tue Mar 19 08:30:27 2024": 401611812 - No PBP available
WARNING:cbbpy.cbbpy_utils:"Tue Mar 19 08:30:32 2024": 401604347 - No PBP available
WARNING:cbbpy.cbbpy_utils:"Tue Mar 19 08:30:44 2024": 401591553 - Postponed
WARNING:cbbpy.cbbpy_utils:"Tue Mar 19 08:30:45 2024": 401591553 - Postponed
WARNING:cbbpy.cbbpy_utils:"Tue Mar 19 08:30:45 2024": 401591553 - Postponed
WARNING:cbbpy.cbbpy_utils:"Tue Mar 19 08:30:50 2024": 401587641 - No PBP available
WARNING:cbbpy.cbbpy_utils:"Tue Mar 19 08:31:06 2024": 401577721 - No PBP available
WARNING:cbbpy.cbbpy_utils:"Tue Mar 19 08:31:08 2024": 401577535 - Canceled
WARNING:cbbpy.cbbpy_utils:"Tue Mar 19 08:31:08 2024": 401577535 - Canceled
WARNING:cbbpy.cbbpy_utils:"Tue Mar 19 08:31:08 2024": 401577535 - Canceled
WARNING:cbbpy.cbbpy_utils:"Tue Mar 19 08:31:42 2024": 401581177 - No PBP available
WARNING:cbbpy.cbbpy_utils:"Tue Mar 19 08:31:54 2024": 401593939 - No PBP available
WARNING:cbbpy.cbbpy_utils:"Tue Mar 19 08:32:34 2024": 401606612 - No PBP available
WARNING:cbbpy.cbbpy_utils:"Tue Mar 19 08:32:53 2024": 401594405 - No PBP available
WARNING:cbbpy.cbbpy_utils:"Tue Mar 19 08:32:54 2024": 401578964 - No PBP available
WARNING:cbbpy.cbbpy_utils:"Tue Mar 19 08:32:54 2024": 401579041 - No PBP available
WARNING:cbbpy.cbbpy_utils:"Tue Mar 19 08:32:55 2024": 401600101 - No PBP available
WARNING:cbbpy.cbbpy_utils:"Tue Mar 19 08:32:57 2024": 401587266 - No PBP available
WARNING:cbbpy.cbbpy_utils:"Tue Mar 19 08:33:00 2024": 401600102 - No PBP available
WARNING:cbbpy.cbbpy_utils:"Tue Mar 19 08:33:09 2024": 401581184 - No PBP available
WARNING:cbbpy.cbbpy_utils:"Tue Mar 19 08:33:28 2024": 401598025 - Postponed
WARNING:cbbpy.cbbpy_utils:"Tue Mar 19 08:33:28 2024": 401598025 - Postponed
WARNING:cbbpy.cbbpy_utils:"Tue Mar 19 08:33:28 2024": 401627822 - No PBP available
WARNING:cbbpy.cbbpy_utils:"Tue Mar 19 08:33:28 2024": 401598025 - Postponed
WARNING:cbbpy.cbbpy_utils:"Tue Mar 19 08:33:39 2024": 401587279 - No PBP available
WARNING:cbbpy.cbbpy_utils:"Tue Mar 19 08:33:41 2024": 401589679 - Postponed
WARNING:cbbpy.cbbpy_utils:"Tue Mar 19 08:33:41 2024": 401589679 - Postponed
WARNING:cbbpy.cbbpy_utils:"Tue Mar 19 08:33:41 2024": 401589679 - Postponed
WARNING:cbbpy.cbbpy_utils:"Tue Mar 19 08:33:48 2024": 401581198 - No PBP available
WARNING:cbbpy.cbbpy_utils:"Tue Mar 19 08:33:51 2024": 401579017 - No PBP available
WARNING:cbbpy.cbbpy_utils:"Tue Mar 19 08:33:57 2024": 401598905 - No PBP available
WARNING:cbbpy.cbbpy_utils:"Tue Mar 19 08:33:57 2024": 401598026 - No PBP available
WARNING:cbbpy.cbbpy_utils:"Tue Mar 19 08:34:07 2024": 401580058 - No PBP available
WARNING:cbbpy.cbbpy_utils:"Tue Mar 19 08:34:09 2024": 401581618 - Postponed
WARNING:cbbpy.cbbpy_utils:"Tue Mar 19 08:34:09 2024": 401581618 - Postponed
WARNING:cbbpy.cbbpy_utils:"Tue Mar 19 08:34:09 2024": 401581618 - Postponed
WARNING:cbbpy.cbbpy_utils:"Tue Mar 19 08:34:55 2024": 401633439 - No PBP available
WARNING:cbbpy.cbbpy_utils:"Tue Mar 19 08:34:58 2024": 401588675 - No PBP available
WARNING:cbbpy.cbbpy_utils:"Tue Mar 19 08:35:17 2024": 401600252 - No PBP available
WARNING:cbbpy.cbbpy_utils:"Tue Mar 19 08:35:46 2024": 401574119 - No PBP available
WARNING:cbbpy.cbbpy_utils:"Tue Mar 19 08:35:48 2024": 401574638 - No PBP available
WARNING:cbbpy.cbbpy_utils:"Tue Mar 19 08:35:50 2024": 401598031 - No PBP available
WARNING:cbbpy.cbbpy_utils:"Tue Mar 19 08:35:57 2024": 401598032 - No PBP available
WARNING:cbbpy.cbbpy_utils:"Tue Mar 19 08:36:07 2024": 401600742 - No PBP available
WARNING:cbbpy.cbbpy_utils:"Tue Mar 19 08:36:12 2024": 401588694 - No PBP available
WARNING:cbbpy.cbbpy_utils:"Tue Mar 19 08:36:12 2024": 401594319 - No PBP available
WARNING:cbbpy.cbbpy_utils:"Tue Mar 19 08:36:12 2024": 401599993 - No PBP available
WARNING:cbbpy.cbbpy_utils:"Tue Mar 19 08:36:12 2024": 401587748 - No PBP available
WARNING:cbbpy.cbbpy_utils:"Tue Mar 19 08:36:12 2024": 401589369 - No PBP available
WARNING:cbbpy.cbbpy_utils:"Tue Mar 19 08:36:12 2024": 401594339 - No PBP available
WARNING:cbbpy.cbbpy_utils:"Tue Mar 19 08:36:12 2024": 401581755 - No PBP available
WARNING:cbbpy.cbbpy_utils:"Tue Mar 19 08:36:28 2024": 401594414 - No PBP available
WARNING:cbbpy.cbbpy_utils:"Tue Mar 19 08:36:28 2024": 401598034 - No PBP available
WARNING:cbbpy.cbbpy_utils:"Tue Mar 19 08:36:39 2024": 401600755 - No PBP available
WARNING:cbbpy.cbbpy_utils:"Tue Mar 19 08:37:44 2024": 401625676 - No PBP available
WARNING:cbbpy.cbbpy_utils:"Tue Mar 19 08:37:49 2024": 401648805 - Scheduled
WARNING:cbbpy.cbbpy_utils:"Tue Mar 19 08:37:49 2024": 401638580 - Scheduled
WARNING:cbbpy.cbbpy_utils:"Tue Mar 19 08:37:49 2024": 401641097 - Scheduled
WARNING:cbbpy.cbbpy_utils:"Tue Mar 19 08:37:49 2024": 401638579 - Scheduled
WARNING:cbbpy.cbbpy_utils:"Tue Mar 19 08:37:49 2024": 401648804 - Scheduled
WARNING:cbbpy.cbbpy_utils:"Tue Mar 19 08:37:49 2024": 401641095 - Scheduled
WARNING:cbbpy.cbbpy_utils:"Tue Mar 19 08:37:49 2024": 401641096 - Scheduled
WARNING:cbbpy.cbbpy_utils:"Tue Mar 19 08:37:49 2024": 401641100 - Scheduled
WARNING:cbbpy.cbbpy_utils:"Tue Mar 19 08:37:49 2024": 401641101 - Scheduled
WARNING:cbbpy.cbbpy_utils:"Tue Mar 19 08:37:49 2024": 401641099 - Scheduled
WARNING:cbbpy.cbbpy_utils:"Tue Mar 19 08:37:49 2024": 401641098 - Scheduled
WARNING:cbbpy.cbbpy_utils:"Tue Mar 19 08:37:49 2024": 401641102 - Scheduled
WARNING:cbbpy.cbbpy_utils:"Tue Mar 19 08:37:49 2024": 401641094 - Scheduled
WARNING:cbbpy.cbbpy_utils:"Tue Mar 19 08:37:50 2024": 401648805 - Scheduled
WARNING:cbbpy.cbbpy_utils:"Tue Mar 19 08:37:50 2024": 401638579 - Scheduled
WARNING:cbbpy.cbbpy_utils:"Tue Mar 19 08:37:50 2024": 401641095 - Scheduled
WARNING:cbbpy.cbbpy_utils:"Tue Mar 19 08:37:50 2024": 401648804 - Scheduled
WARNING:cbbpy.cbbpy_utils:"Tue Mar 19 08:37:50 2024": 401641101 - Scheduled
WARNING:cbbpy.cbbpy_utils:"Tue Mar 19 08:37:50 2024": 401641097 - Scheduled
WARNING:cbbpy.cbbpy_utils:"Tue Mar 19 08:37:50 2024": 401638580 - Scheduled
WARNING:cbbpy.cbbpy_utils:"Tue Mar 19 08:37:50 2024": 401641100 - Scheduled
WARNING:cbbpy.cbbpy_utils:"Tue Mar 19 08:37:50 2024": 401641096 - Scheduled
WARNING:cbbpy.cbbpy_utils:"Tue Mar 19 08:37:50 2024": 401641099 - Scheduled
WARNING:cbbpy.cbbpy_utils:"Tue Mar 19 08:37:50 2024": 401641098 - Scheduled
WARNING:cbbpy.cbbpy_utils:"Tue Mar 19 08:37:50 2024": 401641102 - Scheduled
WARNING:cbbpy.cbbpy_utils:"Tue Mar 19 08:37:50 2024": 401641094 - Scheduled
WARNING:cbbpy.cbbpy_utils:"Tue Mar 19 08:37:50 2024": 401648805 - Scheduled
WARNING:cbbpy.cbbpy_utils:"Tue Mar 19 08:37:50 2024": 401638579 - Scheduled
WARNING:cbbpy.cbbpy_utils:"Tue Mar 19 08:37:50 2024": 401641095 - Scheduled
WARNING:cbbpy.cbbpy_utils:"Tue Mar 19 08:37:50 2024": 401648804 - Scheduled
WARNING:cbbpy.cbbpy_utils:"Tue Mar 19 08:37:50 2024": 401641101 - Scheduled
WARNING:cbbpy.cbbpy_utils:"Tue Mar 19 08:37:50 2024": 401641097 - Scheduled
WARNING:cbbpy.cbbpy_utils:"Tue Mar 19 08:37:50 2024": 401638580 - Scheduled
WARNING:cbbpy.cbbpy_utils:"Tue Mar 19 08:37:50 2024": 401641100 - Scheduled
WARNING:cbbpy.cbbpy_utils:"Tue Mar 19 08:37:50 2024": 401641099 - Scheduled
WARNING:cbbpy.cbbpy_utils:"Tue Mar 19 08:37:50 2024": 401641096 - Scheduled
WARNING:cbbpy.cbbpy_utils:"Tue Mar 19 08:37:50 2024": 401641098 - Scheduled
WARNING:cbbpy.cbbpy_utils:"Tue Mar 19 08:37:50 2024": 401641094 - Scheduled
WARNING:cbbpy.cbbpy_utils:"Tue Mar 19 08:37:50 2024": 401641102 - Scheduled
WARNING:cbbpy.cbbpy_utils:"Tue Sep  3 09:10:38 2024": 401611539 - No PBP available
WARNING:cbbpy.cbbpy_utils:"Tue Sep  3 09:10:46 2024": 401609949 - No PBP available
WARNING:cbbpy.cbbpy_utils:"Tue Sep  3 09:10:52 2024": 401576633 - Canceled
WARNING:cbbpy.cbbpy_utils:"Tue Sep  3 09:10:53 2024": 401576633 - Canceled
WARNING:cbbpy.cbbpy_utils:"Tue Sep  3 09:10:53 2024": 401576633 - Canceled
WARNING:cbbpy.cbbpy_utils:"Tue Sep  3 09:19:36 2024": 401611539 - No PBP available
WARNING:cbbpy.cbbpy_utils:"Tue Sep  3 09:19:43 2024": 401609949 - No PBP available
WARNING:cbbpy.cbbpy_utils:"Tue Sep  3 09:19:48 2024": 401576633 - Canceled
WARNING:cbbpy.cbbpy_utils:"Tue Sep  3 09:19:48 2024": 401576633 - Canceled
WARNING:cbbpy.cbbpy_utils:"Tue Sep  3 09:19:48 2024": 401576633 - Canceled
WARNING:cbbpy.cbbpy_utils:"Tue Sep  3 09:20:00 2024": 401581846 - No PBP available
WARNING:cbbpy.cbbpy_utils:"Tue Sep  3 09:20:06 2024": 401604793 - No PBP available
WARNING:cbbpy.cbbpy_utils:"Tue Sep  3 09:20:07 2024": 401581869 - No PBP available
WARNING:cbbpy.cbbpy_utils:"Tue Sep  3 09:20:08 2024": 401587234 - No PBP available
WARNING:cbbpy.cbbpy_utils:"Tue Sep  3 09:20:13 2024": 401584337 - No PBP available
WARNING:cbbpy.cbbpy_utils:"Tue Sep  3 09:20:18 2024": 401581349 - No PBP available
WARNING:cbbpy.cbbpy_utils:"Tue Sep  3 09:20:18 2024": 401604806 - No PBP available
WARNING:cbbpy.cbbpy_utils:"Tue Sep  3 09:20:22 2024": 401577708 - No PBP available
WARNING:cbbpy.cbbpy_utils:"Tue Sep  3 09:20:22 2024": 401581784 - No PBP available
WARNING:cbbpy.cbbpy_utils:"Tue Sep  3 09:20:27 2024": 401597904 - No PBP available
WARNING:cbbpy.cbbpy_utils:"Tue Sep  3 09:20:31 2024": 401581814 - No PBP available
WARNING:cbbpy.cbbpy_utils:"Tue Sep  3 09:20:35 2024": 401582120 - No PBP available
WARNING:cbbpy.cbbpy_utils:"Tue Sep  3 09:20:36 2024": 401582121 - No PBP available
WARNING:cbbpy.cbbpy_utils:"Tue Sep  3 09:20:36 2024": 401582122 - No PBP available
WARNING:cbbpy.cbbpy_utils:"Tue Sep  3 09:20:36 2024": 401581813 - No PBP available
WARNING:cbbpy.cbbpy_utils:"Tue Sep  3 09:20:36 2024": 401604419 - No PBP available
WARNING:cbbpy.cbbpy_utils:"Tue Sep  3 09:20:38 2024": 401594212 - No PBP available
WARNING:cbbpy.cbbpy_utils:"Tue Sep  3 09:20:39 2024": 401577699 - No PBP available
WARNING:cbbpy.cbbpy_utils:"Tue Sep  3 09:20:42 2024": 401584390 - No PBP available
WARNING:cbbpy.cbbpy_utils:"Tue Sep  3 09:20:43 2024": 401582125 - No PBP available
WARNING:cbbpy.cbbpy_utils:"Tue Sep  3 09:20:43 2024": 401594213 - No PBP available
WARNING:cbbpy.cbbpy_utils:"Tue Sep  3 09:20:43 2024": 401582126 - No PBP available
WARNING:cbbpy.cbbpy_utils:"Tue Sep  3 09:20:44 2024": 401597979 - No PBP available
WARNING:cbbpy.cbbpy_utils:"Tue Sep  3 09:20:46 2024": 401597419 - No PBP available
WARNING:cbbpy.cbbpy_utils:"Tue Sep  3 09:20:46 2024": 401594214 - No PBP available
WARNING:cbbpy.cbbpy_utils:"Tue Sep  3 09:20:47 2024": 401587242 - No PBP available
WARNING:cbbpy.cbbpy_utils:"Tue Sep  3 09:20:48 2024": 401598576 - No PBP available
WARNING:cbbpy.cbbpy_utils:"Tue Sep  3 09:20:49 2024": 401582123 - No PBP available
WARNING:cbbpy.cbbpy_utils:"Tue Sep  3 09:20:49 2024": 401601479 - No PBP available
WARNING:cbbpy.cbbpy_utils:"Tue Sep  3 09:20:50 2024": 401590208 - No PBP available
WARNING:cbbpy.cbbpy_utils:"Tue Sep  3 09:20:50 2024": 401582124 - No PBP available
WARNING:cbbpy.cbbpy_utils:"Tue Sep  3 09:20:52 2024": 401601482 - No PBP available
WARNING:cbbpy.cbbpy_utils:"Tue Sep  3 09:20:52 2024": 401601481 - No PBP available
WARNING:cbbpy.cbbpy_utils:"Tue Sep  3 09:20:53 2024": 401582149 - No PBP available
WARNING:cbbpy.cbbpy_utils:"Tue Sep  3 09:20:53 2024": 401604306 - No PBP available
WARNING:cbbpy.cbbpy_utils:"Tue Sep  3 09:20:54 2024": 401604305 - No PBP available
WARNING:cbbpy.cbbpy_utils:"Tue Sep  3 09:20:54 2024": 401582150 - No PBP available
WARNING:cbbpy.cbbpy_utils:"Tue Sep  3 09:20:54 2024": 401582128 - No PBP available
WARNING:cbbpy.cbbpy_utils:"Tue Sep  3 09:20:54 2024": 401601483 - No PBP available
WARNING:cbbpy.cbbpy_utils:"Tue Sep  3 09:20:55 2024": 401614679 - No PBP available
WARNING:cbbpy.cbbpy_utils:"Tue Sep  3 09:20:56 2024": 401582127 - No PBP available
WARNING:cbbpy.cbbpy_utils:"Tue Sep  3 09:20:56 2024": 401599983 - No PBP available
WARNING:cbbpy.cbbpy_utils:"Tue Sep  3 09:20:56 2024": 401603137 - No PBP available
WARNING:cbbpy.cbbpy_utils:"Tue Sep  3 09:20:59 2024": 401594130 - No PBP available
WARNING:cbbpy.cbbpy_utils:"Tue Sep  3 09:21:04 2024": 401581600 - No PBP available
WARNING:cbbpy.cbbpy_utils:"Tue Sep  3 09:21:05 2024": 401604308 - No PBP available
WARNING:cbbpy.cbbpy_utils:"Tue Sep  3 09:21:06 2024": 401604307 - No PBP available
WARNING:cbbpy.cbbpy_utils:"Tue Sep  3 09:21:08 2024": 401604310 - No PBP available
WARNING:cbbpy.cbbpy_utils:"Tue Sep  3 09:21:09 2024": 401604309 - No PBP available
WARNING:cbbpy.cbbpy_utils:"Tue Sep  3 09:21:25 2024": 401581772 - No PBP available
WARNING:cbbpy.cbbpy_utils:"Tue Sep  3 09:21:33 2024": 401611812 - No PBP available
WARNING:cbbpy.cbbpy_utils:"Tue Sep  3 09:21:38 2024": 401604347 - No PBP available
WARNING:cbbpy.cbbpy_utils:"Tue Sep  3 09:21:53 2024": 401591553 - Postponed
WARNING:cbbpy.cbbpy_utils:"Tue Sep  3 09:21:53 2024": 401591553 - Postponed
WARNING:cbbpy.cbbpy_utils:"Tue Sep  3 09:21:54 2024": 401591553 - Postponed
WARNING:cbbpy.cbbpy_utils:"Tue Sep  3 09:22:00 2024": 401587641 - No PBP available
WARNING:cbbpy.cbbpy_utils:"Tue Sep  3 09:22:22 2024": 401577721 - No PBP available
WARNING:cbbpy.cbbpy_utils:"Tue Sep  3 09:22:23 2024": 401577535 - Canceled
WARNING:cbbpy.cbbpy_utils:"Tue Sep  3 09:22:24 2024": 401577535 - Canceled
WARNING:cbbpy.cbbpy_utils:"Tue Sep  3 09:22:24 2024": 401577535 - Canceled
WARNING:cbbpy.cbbpy_utils:"Tue Sep  3 09:23:03 2024": 401581177 - No PBP available
WARNING:cbbpy.cbbpy_utils:"Tue Sep  3 09:23:17 2024": 401593939 - No PBP available
WARNING:cbbpy.cbbpy_utils:"Tue Sep  3 09:24:00 2024": 401606612 - No PBP available
WARNING:cbbpy.cbbpy_utils:"Tue Sep  3 09:24:22 2024": 401594405 - No PBP available
WARNING:cbbpy.cbbpy_utils:"Tue Sep  3 09:24:23 2024": 401578964 - No PBP available
WARNING:cbbpy.cbbpy_utils:"Tue Sep  3 09:24:23 2024": 401579041 - No PBP available
WARNING:cbbpy.cbbpy_utils:"Tue Sep  3 09:24:24 2024": 401600101 - No PBP available
WARNING:cbbpy.cbbpy_utils:"Tue Sep  3 09:24:25 2024": 401587266 - No PBP available
WARNING:cbbpy.cbbpy_utils:"Tue Sep  3 09:24:29 2024": 401600102 - No PBP available
WARNING:cbbpy.cbbpy_utils:"Tue Sep  3 09:24:41 2024": 401581184 - No PBP available
WARNING:cbbpy.cbbpy_utils:"Tue Sep  3 09:25:01 2024": 401598025 - Postponed
WARNING:cbbpy.cbbpy_utils:"Tue Sep  3 09:25:02 2024": 401598025 - Postponed
WARNING:cbbpy.cbbpy_utils:"Tue Sep  3 09:25:02 2024": 401598025 - Postponed
WARNING:cbbpy.cbbpy_utils:"Tue Sep  3 09:25:02 2024": 401627822 - No PBP available
WARNING:cbbpy.cbbpy_utils:"Tue Sep  3 09:25:15 2024": 401587279 - No PBP available
WARNING:cbbpy.cbbpy_utils:"Tue Sep  3 09:25:16 2024": 401589679 - Postponed
WARNING:cbbpy.cbbpy_utils:"Tue Sep  3 09:25:16 2024": 401589679 - Postponed
WARNING:cbbpy.cbbpy_utils:"Tue Sep  3 09:25:16 2024": 401589679 - Postponed
WARNING:cbbpy.cbbpy_utils:"Tue Sep  3 09:25:24 2024": 401581198 - No PBP available
WARNING:cbbpy.cbbpy_utils:"Tue Sep  3 09:25:28 2024": 401579017 - No PBP available
WARNING:cbbpy.cbbpy_utils:"Tue Sep  3 09:25:34 2024": 401598905 - No PBP available
WARNING:cbbpy.cbbpy_utils:"Tue Sep  3 09:24:53 2024": 401598026 - No PBP available
WARNING:cbbpy.cbbpy_utils:"Tue Sep  3 09:25:06 2024": 401580058 - No PBP available
WARNING:cbbpy.cbbpy_utils:"Tue Sep  3 09:25:08 2024": 401581618 - Postponed
WARNING:cbbpy.cbbpy_utils:"Tue Sep  3 09:25:08 2024": 401581618 - Postponed
WARNING:cbbpy.cbbpy_utils:"Tue Sep  3 09:25:08 2024": 401581618 - Postponed
WARNING:cbbpy.cbbpy_utils:"Tue Sep  3 09:26:00 2024": 401633439 - No PBP available
WARNING:cbbpy.cbbpy_utils:"Tue Sep  3 09:26:03 2024": 401588675 - No PBP available
WARNING:cbbpy.cbbpy_utils:"Tue Sep  3 09:26:21 2024": 401600252 - No PBP available
WARNING:cbbpy.cbbpy_utils:"Tue Sep  3 09:26:56 2024": 401574119 - No PBP available
WARNING:cbbpy.cbbpy_utils:"Tue Sep  3 09:26:58 2024": 401574638 - No PBP available
WARNING:cbbpy.cbbpy_utils:"Tue Sep  3 09:27:03 2024": 401598031 - No PBP available
WARNING:cbbpy.cbbpy_utils:"Tue Sep  3 09:27:15 2024": 401598032 - No PBP available
WARNING:cbbpy.cbbpy_utils:"Tue Sep  3 09:27:30 2024": 401600742 - No PBP available
WARNING:cbbpy.cbbpy_utils:"Tue Sep  3 09:27:40 2024": 401589369 - No PBP available
WARNING:cbbpy.cbbpy_utils:"Tue Sep  3 09:27:40 2024": 401588694 - No PBP available
WARNING:cbbpy.cbbpy_utils:"Tue Sep  3 09:27:40 2024": 401581755 - No PBP available
WARNING:cbbpy.cbbpy_utils:"Tue Sep  3 09:27:40 2024": 401594339 - No PBP available
WARNING:cbbpy.cbbpy_utils:"Tue Sep  3 09:27:40 2024": 401599993 - No PBP available
WARNING:cbbpy.cbbpy_utils:"Tue Sep  3 09:27:40 2024": 401587748 - No PBP available
WARNING:cbbpy.cbbpy_utils:"Tue Sep  3 09:27:40 2024": 401594319 - No PBP available
WARNING:cbbpy.cbbpy_utils:"Tue Sep  3 09:28:12 2024": 401594414 - No PBP available
WARNING:cbbpy.cbbpy_utils:"Tue Sep  3 09:28:12 2024": 401598034 - No PBP available
WARNING:cbbpy.cbbpy_utils:"Tue Sep  3 09:28:30 2024": 401600755 - No PBP available
WARNING:cbbpy.cbbpy_utils:"Tue Sep  3 09:30:08 2024": 401625676 - No PBP available
